<?xml version="1.0" encoding="UTF-8"?>
<!-- Generated by org.testng.reporters.JUnitXMLReporter -->
<testsuite hostname="ANAND-PC" ignored="0" name="Default test" tests="4" failures="0" timestamp="2022-01-05T09:49:45 IST" time="22.096" errors="0">
  <testcase name="searchTextBoxAndRemoveAd" time="12.608" classname="JustDialPages.Main"/>
  <testcase name="CarServiceInfoSearching" time="2.785" classname="JustDialPages.Main"/>
  <testcase name="ListingPage" time="2.408" classname="JustDialPages.Main"/>
  <testcase name="FitnessPage" time="4.254" classname="JustDialPages.Main"/>
</testsuite> <!-- Default test -->
